2019-07-03T00:14:37+00:00 CRITICAL Uncaught Error: Call to undefined function save_button() in /var/www/html/wp-content/plugins/hexly-common/templates/admin.php:13
Stack trace:
#0 /var/www/html/wp-content/plugins/hexly-common/inc/adminSettings.php(60): require_once()
#1 /var/www/html/wp-includes/class-wp-hook.php(286): HexlyAdminSettings->admin_index('')
#2 /var/www/html/wp-includes/class-wp-hook.php(310): WP_Hook->apply_filters('', Array)
#3 /var/www/html/wp-includes/plugin.php(465): WP_Hook->do_action(Array)
#4 /var/www/html/wp-admin/admin.php(253): do_action('toplevel_page_w...')
#5 {main}
  thrown in /var/www/html/wp-content/plugins/hexly-common/templates/admin.php on line 13

2019-07-03T17:28:41+00:00 CRITICAL Object of class Closure could not be converted to string in /var/www/html/wp-includes/plugin.php on line 917

2019-07-03T17:28:45+00:00 CRITICAL Object of class Closure could not be converted to string in /var/www/html/wp-includes/plugin.php on line 917

2019-07-03T17:29:15+00:00 CRITICAL Object of class Closure could not be converted to string in /var/www/html/wp-includes/plugin.php on line 917

2019-07-03T17:29:24+00:00 CRITICAL Object of class Closure could not be converted to string in /var/www/html/wp-includes/plugin.php on line 917

2019-07-03T17:30:04+00:00 CRITICAL Uncaught ArgumentCountError: Too few arguments to function HexlyCommerceFields::{closure}(), 1 passed in /var/www/html/wp-includes/class-wp-hook.php on line 288 and exactly 3 expected in /var/www/html/wp-content/plugins/hexly-commerce/inc/product-fields.php:61
Stack trace:
#0 /var/www/html/wp-includes/class-wp-hook.php(288): HexlyCommerceFields->{closure}(90)
#1 /var/www/html/wp-includes/class-wp-hook.php(310): WP_Hook->apply_filters(NULL, Array)
#2 /var/www/html/wp-includes/plugin.php(465): WP_Hook->do_action(Array)
#3 /var/www/html/wp-includes/post.php(3925): do_action('post_updated', 90, Object(WP_Post), Object(WP_Post))
#4 /var/www/html/wp-includes/post.php(4028): wp_insert_post(Array, false)
#5 /var/www/html/wp-admin/includes/post.php(405): wp_update_post(Array)
#6 /var/www/html/wp-admin/post.php(218): edit_post()
#7 {main}
  thrown in /var/www/html/wp-content/plugins/hexly-commerce/inc/product-fields.php on line 61

2019-07-03T18:37:19+00:00 CRITICAL syntax error, unexpected '<<' (T_SL) in /var/www/html/wp-content/plugins/hexly-commerce/inc/product-fields.php on line 58

