2019-06-27T18:17:14+00:00 CRITICAL Uncaught Error: Cannot use object of type WP_Post as array in /var/www/html/wp-content/plugins/hexly-commerce/inc/product-fields.php:62
Stack trace:
#0 /var/www/html/wp-includes/class-wp-hook.php(288): HexlyCommerceFields->{closure}(41)
#1 /var/www/html/wp-includes/class-wp-hook.php(310): WP_Hook->apply_filters('', Array)
#2 /var/www/html/wp-includes/plugin.php(465): WP_Hook->do_action(Array)
#3 /var/www/html/wp-includes/post.php(3962): do_action('wp_insert_post', 41, Object(WP_Post), false)
#4 /var/www/html/wp-admin/includes/post.php(666): wp_insert_post(Array)
#5 /var/www/html/wp-admin/post-new.php(66): get_default_post_to_edit('shop_order', true)
#6 {main}
  thrown in /var/www/html/wp-content/plugins/hexly-commerce/inc/product-fields.php on line 62

2019-06-27T18:49:03+00:00 CRITICAL Uncaught ArgumentCountError: Too few arguments to function HexlyCommerceFields::{closure}(), 1 passed in /var/www/html/wp-includes/class-wp-hook.php on line 286 and exactly 2 expected in /var/www/html/wp-content/plugins/hexly-commerce/inc/product-fields.php:60
Stack trace:
#0 /var/www/html/wp-includes/class-wp-hook.php(286): HexlyCommerceFields->{closure}(Object(WC_Order_Item_Product))
#1 /var/www/html/wp-includes/class-wp-hook.php(310): WP_Hook->apply_filters('', Array)
#2 /var/www/html/wp-includes/plugin.php(465): WP_Hook->do_action(Array)
#3 /var/www/html/wp-content/plugins/woocommerce/includes/admin/wc-admin-functions.php(308): do_action('woocommerce_bef...', Object(WC_Order_Item_Product))
#4 /var/www/html/wp-content/plugins/woocommerce/includes/class-wc-ajax.php(1364): wc_save_order_items(51, Array)
#5 /var/www/html/wp-includes/class-wp-hook.php(286): WC_AJAX::calc_line_taxes('')
#6 /var/www/html/wp-includes/class-wp-hook.php(310): WP_Hook->apply_filters('', Array)
#7 /var/www/html/wp-includes/plugin.php in /var/www/html/wp-content/plugins/hexly-commerce/inc/product-fields.php on line 60

2019-06-27T18:49:41+00:00 CRITICAL Uncaught ArgumentCountError: Too few arguments to function HexlyCommerceFields::{closure}(), 1 passed in /var/www/html/wp-includes/class-wp-hook.php on line 286 and exactly 2 expected in /var/www/html/wp-content/plugins/hexly-commerce/inc/product-fields.php:60
Stack trace:
#0 /var/www/html/wp-includes/class-wp-hook.php(286): HexlyCommerceFields->{closure}(Object(WC_Order_Item_Product))
#1 /var/www/html/wp-includes/class-wp-hook.php(310): WP_Hook->apply_filters('', Array)
#2 /var/www/html/wp-includes/plugin.php(465): WP_Hook->do_action(Array)
#3 /var/www/html/wp-content/plugins/woocommerce/includes/admin/wc-admin-functions.php(308): do_action('woocommerce_bef...', Object(WC_Order_Item_Product))
#4 /var/www/html/wp-content/plugins/woocommerce/includes/admin/meta-boxes/class-wc-meta-box-order-items.php(54): wc_save_order_items(53, Array)
#5 /var/www/html/wp-includes/class-wp-hook.php(286): WC_Meta_Box_Order_Items::save(53, Object(WP_Post))
#6 /var/www/html/wp-includes/class-wp-hook.php(310): WP_Hook->apply_filte in /var/www/html/wp-content/plugins/hexly-commerce/inc/product-fields.php on line 60

2019-06-27T19:22:20+00:00 CRITICAL Uncaught Error: Cannot access protected property WC_Order_Item_Product::$data in /var/www/html/wp-content/plugins/hexly-commerce/inc/product-fields.php:63
Stack trace:
#0 /var/www/html/wp-includes/class-wp-hook.php(286): HexlyCommerceFields->{closure}(Object(WC_Order_Item_Product))
#1 /var/www/html/wp-includes/class-wp-hook.php(310): WP_Hook->apply_filters('', Array)
#2 /var/www/html/wp-includes/plugin.php(465): WP_Hook->do_action(Array)
#3 /var/www/html/wp-content/plugins/woocommerce/includes/admin/wc-admin-functions.php(308): do_action('woocommerce_bef...', Object(WC_Order_Item_Product))
#4 /var/www/html/wp-content/plugins/woocommerce/includes/admin/meta-boxes/class-wc-meta-box-order-items.php(54): wc_save_order_items(55, Array)
#5 /var/www/html/wp-includes/class-wp-hook.php(286): WC_Meta_Box_Order_Items::save(55, Object(WP_Post))
#6 /var/www/html/wp-includes/class-wp-hook.php(310): WP_Hook->apply_filters('', Array)
#7 /var/www/html/wp-includes/plugin.php(465): WP_Hook->do_action(Array)
#8 /var/www/html/wp- in /var/www/html/wp-content/plugins/hexly-commerce/inc/product-fields.php on line 63

2019-06-27T20:11:31+00:00 CRITICAL Uncaught Error: Call to undefined method WC_Order_Item_Product::get_attributes() in /var/www/html/wp-content/plugins/hexly-commerce/inc/product-fields.php:63
Stack trace:
#0 /var/www/html/wp-includes/class-wp-hook.php(286): HexlyCommerceFields->{closure}(Object(WC_Order_Item_Product))
#1 /var/www/html/wp-includes/class-wp-hook.php(310): WP_Hook->apply_filters('', Array)
#2 /var/www/html/wp-includes/plugin.php(465): WP_Hook->do_action(Array)
#3 /var/www/html/wp-content/plugins/woocommerce/includes/admin/wc-admin-functions.php(308): do_action('woocommerce_bef...', Object(WC_Order_Item_Product))
#4 /var/www/html/wp-content/plugins/woocommerce/includes/admin/meta-boxes/class-wc-meta-box-order-items.php(54): wc_save_order_items(57, Array)
#5 /var/www/html/wp-includes/class-wp-hook.php(286): WC_Meta_Box_Order_Items::save(57, Object(WP_Post))
#6 /var/www/html/wp-includes/class-wp-hook.php(310): WP_Hook->apply_filters('', Array)
#7 /var/www/html/wp-includes/plugin.php(465): WP_Hook->do_action(Array)
#8 /var/www/html/ in /var/www/html/wp-content/plugins/hexly-commerce/inc/product-fields.php on line 63

2019-06-27T20:33:11+00:00 CRITICAL Uncaught Error: Call to undefined method WC_Product::get_product_id() in /var/www/html/wp-content/plugins/hexly-commerce/inc/product-fields.php:65
Stack trace:
#0 /var/www/html/wp-includes/class-wp-hook.php(286): HexlyCommerceFields->{closure}(Object(WC_Order_Item_Product))
#1 /var/www/html/wp-includes/class-wp-hook.php(310): WP_Hook->apply_filters('', Array)
#2 /var/www/html/wp-includes/plugin.php(465): WP_Hook->do_action(Array)
#3 /var/www/html/wp-content/plugins/woocommerce/includes/admin/wc-admin-functions.php(308): do_action('woocommerce_bef...', Object(WC_Order_Item_Product))
#4 /var/www/html/wp-content/plugins/woocommerce/includes/admin/meta-boxes/class-wc-meta-box-order-items.php(54): wc_save_order_items(62, Array)
#5 /var/www/html/wp-includes/class-wp-hook.php(286): WC_Meta_Box_Order_Items::save(62, Object(WP_Post))
#6 /var/www/html/wp-includes/class-wp-hook.php(310): WP_Hook->apply_filters('', Array)
#7 /var/www/html/wp-includes/plugin.php(465): WP_Hook->do_action(Array)
#8 /var/www/html/wp-content/ in /var/www/html/wp-content/plugins/hexly-commerce/inc/product-fields.php on line 65

2019-06-27T21:02:41+00:00 CRITICAL syntax error, unexpected '}' in /var/www/html/wp-content/plugins/hexly-commerce/inc/product-fields.php on line 76

2019-06-27T21:02:41+00:00 CRITICAL syntax error, unexpected '}' in /var/www/html/wp-content/plugins/hexly-commerce/inc/product-fields.php on line 76

