2019-08-12T19:46:41+00:00 DEBUG 
====Stripe Version: 4.2.1====
====Start Log====
Keys are not set correctly.
====End Log====


2019-08-12T19:49:06+00:00 DEBUG 
====Stripe Version: 4.2.1====
====Start Log====
Keys are not set correctly.
====End Log====


2019-08-12T19:49:12+00:00 DEBUG 
====Stripe Version: 4.2.1====
====Start Log====
Keys are not set correctly.
====End Log====


2019-08-12T19:54:16+00:00 DEBUG 
====Stripe Version: 4.2.1====
====Start Log====
Keys are not set correctly.
====End Log====


2019-08-12T19:54:23+00:00 DEBUG 
====Stripe Version: 4.2.1====
====Start Log====
Keys are not set correctly.
====End Log====


2019-08-12T19:56:24+00:00 DEBUG 
====Stripe Version: 4.2.1====
====Start Log====
Keys are not set correctly.
====End Log====


2019-08-12T19:56:38+00:00 DEBUG 
====Stripe Version: 4.2.1====
====Start Log====
Keys are not set correctly.
====End Log====


2019-08-12T19:56:44+00:00 DEBUG 
====Stripe Version: 4.2.1====
====Start Log====
Keys are not set correctly.
====End Log====


2019-08-12T19:58:23+00:00 DEBUG 
====Stripe Version: 4.2.1====
====Start Log====
Keys are not set correctly.
====End Log====


2019-08-12T19:58:26+00:00 DEBUG 
====Stripe Version: 4.2.1====
====Start Log====
Keys are not set correctly.
====End Log====


2019-08-12T19:59:53+00:00 DEBUG 
====Stripe Version: 4.2.1====
====Start Log====
Keys are not set correctly.
====End Log====


2019-08-12T19:59:56+00:00 DEBUG 
====Stripe Version: 4.2.1====
====Start Log====
Keys are not set correctly.
====End Log====


2019-08-12T20:04:25+00:00 DEBUG 
====Stripe Version: 4.2.1====
====Start Log====
Keys are not set correctly.
====End Log====


2019-08-12T20:04:27+00:00 DEBUG 
====Stripe Version: 4.2.1====
====Start Log====
Keys are not set correctly.
====End Log====


2019-08-12T20:06:24+00:00 DEBUG 
====Stripe Version: 4.2.1====
====Start Log====
Keys are not set correctly.
====End Log====


2019-08-12T20:06:28+00:00 DEBUG 
====Stripe Version: 4.2.1====
====Start Log====
Keys are not set correctly.
====End Log====


2019-08-12T20:08:43+00:00 DEBUG 
====Stripe Version: 4.2.1====
====Start Log====
Keys are not set correctly.
====End Log====


2019-08-12T20:08:46+00:00 DEBUG 
====Stripe Version: 4.2.1====
====Start Log====
Keys are not set correctly.
====End Log====


2019-08-12T20:10:23+00:00 DEBUG 
====Stripe Version: 4.2.1====
====Start Log====
Keys are not set correctly.
====End Log====


2019-08-12T20:10:25+00:00 DEBUG 
====Stripe Version: 4.2.1====
====Start Log====
Keys are not set correctly.
====End Log====


2019-08-12T20:11:04+00:00 DEBUG 
====Stripe Version: 4.2.1====
====Start Log====
Keys are not set correctly.
====End Log====


2019-08-12T20:11:07+00:00 DEBUG 
====Stripe Version: 4.2.1====
====Start Log====
Keys are not set correctly.
====End Log====


2019-08-12T20:12:08+00:00 DEBUG 
====Stripe Version: 4.2.1====
====Start Log====
Keys are not set correctly.
====End Log====


2019-08-12T20:12:11+00:00 DEBUG 
====Stripe Version: 4.2.1====
====Start Log====
Keys are not set correctly.
====End Log====


2019-08-12T20:12:30+00:00 DEBUG 
====Stripe Version: 4.2.1====
====Start Log====
Keys are not set correctly.
====End Log====


2019-08-12T20:12:33+00:00 DEBUG 
====Stripe Version: 4.2.1====
====Start Log====
Keys are not set correctly.
====End Log====


2019-08-12T20:13:12+00:00 DEBUG 
====Stripe Version: 4.2.1====
====Start Log====
Keys are not set correctly.
====End Log====


2019-08-12T20:13:15+00:00 DEBUG 
====Stripe Version: 4.2.1====
====Start Log====
Keys are not set correctly.
====End Log====


2019-08-12T20:15:29+00:00 DEBUG 
====Stripe Version: 4.2.1====
====Start Log====
Keys are not set correctly.
====End Log====


2019-08-12T20:15:32+00:00 DEBUG 
====Stripe Version: 4.2.1====
====Start Log====
Keys are not set correctly.
====End Log====


2019-08-12T20:17:01+00:00 DEBUG 
====Stripe Version: 4.2.1====
====Start Log====
Keys are not set correctly.
====End Log====


2019-08-12T20:17:03+00:00 DEBUG 
====Stripe Version: 4.2.1====
====Start Log====
Keys are not set correctly.
====End Log====


2019-08-12T20:17:56+00:00 DEBUG 
====Stripe Version: 4.2.1====
====Start Log====
Keys are not set correctly.
====End Log====


2019-08-12T20:18:02+00:00 DEBUG 
====Stripe Version: 4.2.1====
====Start Log====
Keys are not set correctly.
====End Log====


2019-08-12T20:19:27+00:00 DEBUG 
====Stripe Version: 4.2.1====
====Start Log====
Keys are not set correctly.
====End Log====


2019-08-12T20:19:31+00:00 DEBUG 
====Stripe Version: 4.2.1====
====Start Log====
Keys are not set correctly.
====End Log====


2019-08-12T20:21:04+00:00 DEBUG 
====Stripe Version: 4.2.1====
====Start Log====
Keys are not set correctly.
====End Log====


2019-08-12T20:23:41+00:00 DEBUG 
====Stripe Version: 4.2.1====
====Start Log====
Keys are not set correctly.
====End Log====


2019-08-12T20:25:21+00:00 DEBUG 
====Stripe Version: 4.2.1====
====Start Log====
Keys are not set correctly.
====End Log====


2019-08-12T20:25:23+00:00 DEBUG 
====Stripe Version: 4.2.1====
====Start Log====
Keys are not set correctly.
====End Log====


2019-08-12T20:27:10+00:00 DEBUG 
====Stripe Version: 4.2.1====
====Start Log====
Keys are not set correctly.
====End Log====


2019-08-12T20:27:12+00:00 DEBUG 
====Stripe Version: 4.2.1====
====Start Log====
Keys are not set correctly.
====End Log====


2019-08-12T20:30:58+00:00 DEBUG 
====Stripe Version: 4.2.1====
====Start Log====
Keys are not set correctly.
====End Log====


2019-08-12T20:38:44+00:00 DEBUG 
====Stripe Version: 4.2.1====
====Start Log====
Keys are not set correctly.
====End Log====


2019-08-12T20:46:23+00:00 DEBUG 
====Stripe Version: 4.2.1====
====Start Log====
Keys are not set correctly.
====End Log====


2019-08-12T20:46:25+00:00 DEBUG 
====Stripe Version: 4.2.1====
====Start Log====
Keys are not set correctly.
====End Log====


2019-08-12T20:47:23+00:00 DEBUG 
====Stripe Version: 4.2.1====
====Start Log====
Keys are not set correctly.
====End Log====


2019-08-12T20:48:17+00:00 DEBUG 
====Stripe Version: 4.2.1====
====Start Log====
Keys are not set correctly.
====End Log====


2019-08-12T21:16:24+00:00 DEBUG 
====Stripe Version: 4.2.1====
====Start Log====
Keys are not set correctly.
====End Log====


2019-08-12T21:17:28+00:00 DEBUG 
====Stripe Version: 4.2.1====
====Start Log====
Keys are not set correctly.
====End Log====


2019-08-12T21:29:04+00:00 DEBUG 
====Stripe Version: 4.2.1====
====Start Log====
Keys are not set correctly.
====End Log====


2019-08-12T21:29:34+00:00 DEBUG 
====Stripe Version: 4.2.1====
====Start Log====
Keys are not set correctly.
====End Log====


2019-08-12T21:30:43+00:00 DEBUG 
====Stripe Version: 4.2.1====
====Start Log====
Keys are not set correctly.
====End Log====


2019-08-12T21:31:17+00:00 DEBUG 
====Stripe Version: 4.2.1====
====Start Log====
Keys are not set correctly.
====End Log====


2019-08-12T21:31:21+00:00 DEBUG 
====Stripe Version: 4.2.1====
====Start Log====
Keys are not set correctly.
====End Log====


2019-08-12T21:32:04+00:00 DEBUG 
====Stripe Version: 4.2.1====
====Start Log====
Keys are not set correctly.
====End Log====


2019-08-12T21:32:09+00:00 DEBUG 
====Stripe Version: 4.2.1====
====Start Log====
Keys are not set correctly.
====End Log====


2019-08-12T21:33:15+00:00 DEBUG 
====Stripe Version: 4.2.1====
====Start Log====
Keys are not set correctly.
====End Log====


2019-08-12T21:45:21+00:00 DEBUG 
====Stripe Version: 4.2.1====
====Start Log====
Keys are not set correctly.
====End Log====


2019-08-12T21:48:27+00:00 DEBUG 
====Stripe Version: 4.2.1====
====Start Log====
Keys are not set correctly.
====End Log====


2019-08-12T21:51:42+00:00 DEBUG 
====Stripe Version: 4.2.1====
====Start Log====
Keys are not set correctly.
====End Log====


2019-08-12T21:52:39+00:00 DEBUG 
====Stripe Version: 4.2.1====
====Start Log====
Keys are not set correctly.
====End Log====


2019-08-12T22:08:04+00:00 DEBUG 
====Stripe Version: 4.2.1====
====Start Log====
Keys are not set correctly.
====End Log====


2019-08-12T22:08:09+00:00 DEBUG 
====Stripe Version: 4.2.1====
====Start Log====
Keys are not set correctly.
====End Log====


2019-08-12T22:08:30+00:00 DEBUG 
====Stripe Version: 4.2.1====
====Start Log====
Keys are not set correctly.
====End Log====


2019-08-12T22:08:36+00:00 DEBUG 
====Stripe Version: 4.2.1====
====Start Log====
Keys are not set correctly.
====End Log====


2019-08-12T22:14:10+00:00 DEBUG 
====Stripe Version: 4.2.1====
====Start Log====
Keys are not set correctly.
====End Log====


2019-08-12T22:14:27+00:00 DEBUG 
====Stripe Version: 4.2.1====
====Start Log====
Keys are not set correctly.
====End Log====


2019-08-12T22:17:13+00:00 DEBUG 
====Stripe Version: 4.2.1====
====Start Log====
Keys are not set correctly.
====End Log====


2019-08-12T22:18:29+00:00 DEBUG 
====Stripe Version: 4.2.1====
====Start Log====
Keys are not set correctly.
====End Log====


2019-08-12T22:20:45+00:00 DEBUG 
====Stripe Version: 4.2.1====
====Start Log====
Keys are not set correctly.
====End Log====


2019-08-12T22:21:46+00:00 DEBUG 
====Stripe Version: 4.2.1====
====Start Log====
Keys are not set correctly.
====End Log====


2019-08-12T22:29:24+00:00 DEBUG 
====Stripe Version: 4.2.1====
====Start Log====
Keys are not set correctly.
====End Log====


2019-08-12T23:10:35+00:00 DEBUG 
====Stripe Version: 4.2.1====
====Start Log====
Keys are not set correctly.
====End Log====


2019-08-12T23:10:44+00:00 DEBUG 
====Stripe Version: 4.2.1====
====Start Log====
Keys are not set correctly.
====End Log====


2019-08-12T23:11:44+00:00 DEBUG 
====Stripe Version: 4.2.1====
====Start Log====
Keys are not set correctly.
====End Log====


2019-08-12T23:13:08+00:00 DEBUG 
====Stripe Version: 4.2.1====
====Start Log====
Keys are not set correctly.
====End Log====


2019-08-12T23:14:02+00:00 DEBUG 
====Stripe Version: 4.2.1====
====Start Log====
Keys are not set correctly.
====End Log====


2019-08-12T23:18:53+00:00 DEBUG 
====Stripe Version: 4.2.1====
====Start Log====
Keys are not set correctly.
====End Log====


2019-08-12T23:26:47+00:00 DEBUG 
====Stripe Version: 4.2.1====
====Start Log====
Keys are not set correctly.
====End Log====


2019-08-12T23:28:04+00:00 DEBUG 
====Stripe Version: 4.2.1====
====Start Log====
Keys are not set correctly.
====End Log====


2019-08-12T23:33:38+00:00 DEBUG 
====Stripe Version: 4.2.1====
====Start Log====
Keys are not set correctly.
====End Log====


2019-08-12T23:42:27+00:00 DEBUG 
====Stripe Version: 4.2.1====
====Start Log====
Keys are not set correctly.
====End Log====


2019-08-12T23:49:05+00:00 DEBUG 
====Stripe Version: 4.2.1====
====Start Log====
Keys are not set correctly.
====End Log====


2019-08-12T23:49:21+00:00 DEBUG 
====Stripe Version: 4.2.1====
====Start Log====
Keys are not set correctly.
====End Log====


2019-08-12T23:50:00+00:00 DEBUG 
====Stripe Version: 4.2.1====
====Start Log====
Keys are not set correctly.
====End Log====


2019-08-12T23:51:03+00:00 DEBUG 
====Stripe Version: 4.2.1====
====Start Log====
Keys are not set correctly.
====End Log====


