2019-06-26T19:43:18+00:00 DEBUG 
====Stripe Version: 4.2.1====
====Start Log====
Keys are not set correctly.
====End Log====


2019-06-26T19:45:03+00:00 DEBUG 
====Stripe Version: 4.2.1====
====Start Log====
Error: Unable to verify domain - missing secret key.
====End Log====


2019-06-26T19:57:43+00:00 DEBUG 
====Stripe Version: 4.2.1====
====Start Log====
Keys are not set correctly.
====End Log====


2019-06-26T19:58:47+00:00 DEBUG 
====Stripe Version: 4.2.1====
====Start Log====
Error: Unable to verify domain - missing secret key.
====End Log====


2019-06-26T19:59:11+00:00 DEBUG 
====Stripe Version: 4.2.1====
====Start Log====
Keys are not set correctly.
====End Log====


2019-06-26T20:01:26+00:00 DEBUG 
====Stripe Version: 4.2.1====
====Start Log====
Keys are not set correctly.
====End Log====


2019-06-26T20:01:32+00:00 DEBUG 
====Stripe Version: 4.2.1====
====Start Log====
Keys are not set correctly.
====End Log====


2019-06-26T20:04:30+00:00 DEBUG 
====Stripe Version: 4.2.1====
====Start Log====
Keys are not set correctly.
====End Log====


2019-06-26T20:04:42+00:00 DEBUG 
====Stripe Version: 4.2.1====
====Start Log====
Keys are not set correctly.
====End Log====


2019-06-26T21:52:32+00:00 DEBUG 
====Stripe Version: 4.2.1====
====Start Log====
Keys are not set correctly.
====End Log====


2019-06-26T21:53:04+00:00 DEBUG 
====Stripe Version: 4.2.1====
====Start Log====
Keys are not set correctly.
====End Log====


2019-06-26T21:53:10+00:00 DEBUG 
====Stripe Version: 4.2.1====
====Start Log====
Keys are not set correctly.
====End Log====


2019-06-26T22:33:44+00:00 DEBUG 
====Stripe Version: 4.2.1====
====Start Log====
Keys are not set correctly.
====End Log====


2019-06-26T22:34:16+00:00 DEBUG 
====Stripe Version: 4.2.1====
====Start Log====
Keys are not set correctly.
====End Log====


2019-06-26T22:35:44+00:00 DEBUG 
====Stripe Version: 4.2.1====
====Start Log====
Keys are not set correctly.
====End Log====


2019-06-26T22:39:25+00:00 DEBUG 
====Stripe Version: 4.2.1====
====Start Log====
Keys are not set correctly.
====End Log====


2019-06-26T22:39:50+00:00 DEBUG 
====Stripe Version: 4.2.1====
====Start Log====
Keys are not set correctly.
====End Log====


2019-06-26T22:40:23+00:00 DEBUG 
====Stripe Version: 4.2.1====
====Start Log====
Keys are not set correctly.
====End Log====


2019-06-26T22:41:31+00:00 DEBUG 
====Stripe Version: 4.2.1====
====Start Log====
Keys are not set correctly.
====End Log====


2019-06-26T22:41:51+00:00 DEBUG 
====Stripe Version: 4.2.1====
====Start Log====
Keys are not set correctly.
====End Log====


2019-06-26T22:42:18+00:00 DEBUG 
====Stripe Version: 4.2.1====
====Start Log====
Keys are not set correctly.
====End Log====


2019-06-26T22:42:48+00:00 DEBUG 
====Stripe Version: 4.2.1====
====Start Log====
Keys are not set correctly.
====End Log====


2019-06-26T23:42:27+00:00 DEBUG 
====Stripe Version: 4.2.1====
====Start Log====
Keys are not set correctly.
====End Log====


2019-06-26T23:42:52+00:00 DEBUG 
====Stripe Version: 4.2.1====
====Start Log====
Keys are not set correctly.
====End Log====


2019-06-26T23:50:34+00:00 DEBUG 
====Stripe Version: 4.2.1====
====Start Log====
Keys are not set correctly.
====End Log====


2019-06-26T23:50:38+00:00 DEBUG 
====Stripe Version: 4.2.1====
====Start Log====
Keys are not set correctly.
====End Log====


